1301.3781
1312.6114
1409.0473
1412.6980
1502.03044
1502.03509
1505.04597
1508.04306
1509.06113
1511.04868
1512.03385
1603.02514
1609.07132
1611.08930
1612.00155
1612.00410
1705.02304
1705.09422
1706.03762
1707.07167
1708.02840
1710.10467
1710.10468
1710.11153
1711.00541
1711.02879
1711.10485
1801.02961
1801.07892
1802.03145
1802.03471
1802.05751
1802.09194
1803.10122
1805.07894
1805.09898
1805.10731
1805.11770
1806.02919
1806.04646
1806.05622
1807.03748
1807.04978
1808.00158
1809.00594
1810.04805
1810.12020
1811.11721
1812.01243
1812.02707
1812.05069
1812.07385
1902.03190
1902.08034
1902.08391
1902.11134
1903.00585
1903.11626
1904.03240
1904.03416
1904.05862
1904.07475
1904.07556
1904.10509
1906.07319
1906.10042
1906.10770
1907.05337
1908.04284
1908.07490
1908.08718
1908.11587
1909.00082
1909.05921
1909.06247
1909.07083
1909.11059
1909.11740
1910.05453
1910.06379
1910.06838
1910.08847
1910.09932
1910.10969
1910.11398
1910.11416
1910.11646
1910.12638
1910.14104
1911.01255
1911.02972
1911.04697
1911.06258
1911.11763
1912.01679
1912.08226
2001.03311
2001.11128
2001.11243
2002.02007
2002.02848
2002.05314
2002.06220
2002.08933
2002.11296
2003.01872
2003.01993
2003.02405
2003.02966
2003.03530
2003.05997
2003.12973
2004.01389
2004.05150
2004.05274
2004.06756
2004.08483
2004.09249
2004.10608
2004.12385
2004.13824
2005.00743
2005.03191
2005.05037
2005.08271
2005.09921
2005.10750
2005.11262
2006.00687
2006.01424
2006.01796
2006.02616
2006.03677
2006.04139
2006.04768
2006.05694
2006.06493
2006.08900
2006.10013
2006.11477
2006.12847
2006.13979
2006.14615
2006.16236
2007.04825
2007.07365
2007.09451
2007.10247
2007.10639
2007.11498
2007.11679
2007.12146
2007.13975
2007.14062
2008.04259
2008.04549
2008.05773
2008.08767
2009.06732
2010.02364
2010.02684
2010.03007
2010.03282
2010.05315
2010.06087
2010.07230
2010.10504
2010.11338
2010.11430
2010.11458
2010.11718
2010.12713
2010.12731
2010.13154
2010.13366
2011.00597
2011.00931
2011.02014
2011.02678
2011.08019
2011.10185
2011.10527
2011.10678
2011.13922
2012.00759
2012.01477
2012.05292
2012.06399
2012.06659
2012.07436
2012.10055
2012.14740
2012.14952
2101.00529
2101.03904
2101.06184
2101.07448
2101.07597
2101.08473
2101.08833
2101.09624
2102.01894
2102.03334
2102.03649
2102.03902
2102.04198
2102.06183
2102.07108
2102.08606
2102.10407
2102.10882
2102.12092
2102.12895
2102.13645
2103.00020
2103.01075
2103.03024
2103.03404
2103.03493
2103.04503
2103.06255
2103.06695
2103.10206
2103.11374
2103.11468
2103.11624
2103.12091
2103.12957
2103.13061
2103.13915
2103.14023
2103.14146
2103.14167
2103.15049
2103.15679
2103.15813
2103.16024
2103.16110
2103.17249
2104.00272
2104.00403
2104.00650
2104.00926
2104.01027
2104.01122
2104.01318
2104.01431
2104.02416
2104.02439
2104.02555
2104.02866
2104.02879
2104.02894
2104.03135
2104.03538
2104.03603
2104.03642
2104.04045
2104.05704
2104.06468
2104.06637
2104.06757
2104.07667
2104.07925
2104.08160
2104.08665
2104.08836
2104.08860
2104.11934
2104.12335
2104.12465
2104.12763
2104.14273
2104.14721
2105.00149
2105.00381
2105.01051
2105.01601
2105.01883
2105.01924
2105.02412
2105.02723
2105.03148
2105.03404
2105.03889
2105.04371
2105.06453
2105.07197
2105.08050
2105.08059
2105.08383
2105.08468
2105.08647
2105.09040
2105.09121
2105.09447
2105.09464
2105.09597
2105.09913
2105.09996
2105.11084
2105.11813
2105.13033
2105.13993
2105.14576
2105.14734
2105.14954
2105.14995
2105.15078
2106.00358
2106.00559
2106.00948
2106.01040
2106.01540
2106.02253
2106.02514
2106.02584
2106.02636
2106.03089
2106.03162
2106.03959
2106.04067
2106.04078
2106.04632
2106.04803
2106.05058
2106.05392
2106.05656
2106.05974
2106.06195
2106.06321
2106.06560
2106.06742
2106.06847
2106.06966
2106.07167
2106.07447
2106.07477
2106.07550
2106.07617
2106.07631
2106.09681
2106.07998
2106.08417
2106.08650
2106.08672
2106.09008
2106.09141
2106.09212
2106.09336
2106.09436
2106.10153
2106.10270
2106.10587
2106.10637
2106.11149
2106.11250
2106.11401
2106.11422
2106.11895
2106.12011
2106.12102
2106.12265
2106.12368
2106.12620
2106.13122
2106.13679
2106.13700
2106.13797
2106.13963
2106.14156
2106.14248
2106.14447
2106.14843
2106.14855
2106.14881
2106.14882
2106.15550
2106.15754
2106.16006
2106.16009
2107.00135
2107.00606
2107.00644
2107.00651
2107.00789
2107.00842
2107.00977
2107.01378
2107.01545
2107.01682
2107.02104
2107.02133
2107.02239
2107.02380
2107.02655
2107.02960
2107.03035
2107.03107
2107.03377
2107.03742
2107.03983
2107.03996
2107.04735
2107.04805
2107.05188
2107.05274
2107.05334
2107.05448
2107.05475
2107.05624
2107.05637
2107.05768
2107.05790
2107.05887
2107.06278
2107.06383
2107.06467
2107.06538
2107.06964
2107.07089
2107.08391
2107.08579
2107.08623
2107.08976
2107.09011
2107.09240
2107.10224
2107.11817
2107.11906
2107.12309
2107.13108
2107.13720
2107.13967
2107.14178
2107.14209
2107.14415
2108.00045
2108.00202
2108.00205
2108.00584
2108.01072
2108.01778
2108.02147
2108.02366
2108.02388
2108.02404
2108.02451
2108.02759
2108.03256
2108.03647
2108.03679
2108.03990
2108.04384
2108.05158
2108.05305
2108.05565
2108.05679
2108.05887
2108.05888
2108.05988
2108.05997
2108.06858
2108.07007
2108.07142
2108.07533
2108.07781
2108.08669
2108.09038
2108.09084
2108.09147
2108.09174
2108.09193
2108.09322
2108.09691
2108.09696
2108.10046
2108.10696
2108.10904
2108.11048
2108.11539
2108.11575
2108.11993
2108.12630
2108.13002
2108.13015
2108.13341
2109.00301
2109.00512
2109.00590
2109.00642
2109.01134
2109.01316
2109.01652
2109.01663
2109.01926
2109.02002
2109.02008
2109.02079
2109.02227
2109.02259
2109.02563
1.3
2109.02614
2109.02716
2109.02860
2109.02974
2109.03201
2109.03483
2109.03810
2109.03814
2109.04176
2109.04335
2109.04422
2109.04448
2109.04454
2109.04456
2109.04735
2109.04993
2109.05346
2109.05422
2109.06085
2109.07100
2109.07162
2109.07799
2109.08024
2109.08174
2109.08409
2109.08472
2109.08478
2109.08963
2109.09161
2109.09487
2109.09920
2109.10060
2109.10282
2109.10559
2109.10563
2109.10852
2109.11641
2109.11680
2109.11978
2109.12178
2109.12271
2109.12932
2109.13086
2109.13318
2109.14084
2109.14137
2109.14279
2109.14379
2109.14813
2110.00335
2110.00966
2110.01191
2110.01900
2110.02270
2110.02442
2110.02797
2110.03361
2110.03380
2110.03675
2110.03864
2110.03921
2110.04009
2110.04413
2110.04544
2110.04627
2110.04694
2110.04722
2110.05069
2110.05092
2110.05270
2110.05340
2110.05382
2110.06206
2110.06400
2110.06467
2110.07058
2110.07116
2110.07603
2110.07719
2110.07858
2110.07919
2110.08207
2110.08568
2110.08678
2110.08721
2110.08822
2110.08861
2.3
2110.08994
2110.09408
2110.09783
2110.10329
2110.10533
2110.10552
2110.11316
2110.11945
2110.12138
2110.12427
2110.13083
2110.13309
2110.13900
2110.14143
2110.14921
1.3
2110.15156
2110.15904
2111.00207
2111.00801
2111.01236
2111.01338
2111.01673
2111.02387
2111.03481
2111.04060
2111.05464
2111.05759
2111.06015
2111.07624
2111.07910
2111.07991
2111.08276
2111.08687
2111.08960
2111.09833
2111.10023
2111.10337
2111.10480
2111.10659
2111.11067
2111.11187
2111.11326
2111.11418
2111.11429
2111.11430
2111.11432
2111.11591
2111.11704
2111.12073
2111.12082
2111.12233
2111.12293
2111.12294
2111.12417
2111.12608
2111.12624
2111.12681
2111.12701
2111.12707
2111.12710
2111.12941
2111.12994
2111.13087
2111.13152
2111.13196
2111.13694
2111.13792
2111.13803
2111.13817
2111.13824
2111.14330
2111.14448
2111.14556
2111.14600
2111.14725
2111.14791
2111.14813
2111.14819
2111.14821
2111.14887
2111.15121
2111.15143
2111.15174
2111.15193
2111.15263
2111.15340
2111.15664
2111.15667
2111.15668
2112.00167
2112.00656
2112.00969
2112.00995
2112.01030
2112.01071
2112.01513
2112.01514
2112.01515
2112.01518
2112.01522
2112.01526
2112.01527
2112.01529
2112.01683
2112.01832
2112.01838
2112.02244
2112.02413
2112.02466
2112.02582
2112.02857
2112.03109
2112.03258
2112.03492
2112.03552
2112.03631
2112.03857
2112.03902
2112.04222
2112.04446
2112.04478
2112.04482
2112.04632
2112.04674
2112.04771
2112.05112
2112.05132
2112.05142
2112.05230
2112.05291
2112.05329
2112.05814
2112.06174
2112.06375
2112.06825
2112.07374
2112.07463
2112.07658
2112.07910
2112.08275
2112.08560
2112.08654
2112.08775
2112.08778
2112.08879
2112.09106
2112.09300
2112.09426
2112.09583
2112.09747
2112.10003
2112.10175
2112.10740
2112.10741
2112.10752
2112.10809
2112.11010
2112.11037
2112.11542
2112.12143
2112.12494
2112.12750
2112.12970
2112.13528
2112.13890
2112.13983
2112.14087
2112.14757
2112.15509
2201.00043
2201.00346
2201.00424
2201.00466
2201.00475
2201.00487
2201.00520
2201.00625
2201.00814
2201.00978
2201.01032
2201.01090
2201.01293
2201.01615
2201.01763
2201.01893
2201.02001
2201.02010
2201.02184
2201.02534
2201.02639
2201.02849
2201.02973
2201.03176
2201.03545
2201.03546
2201.03965
2201.04019
2201.04182
2201.04288
2201.04850
2201.04924
2201.05047
2201.05078
2201.05675
2201.05768
2201.05887
2201.05991
2201.06268
2201.06374
2201.06618
2201.06857
2201.07384
2201.07412
2201.07451
2201.07703
2201.08050
2201.08239
2201.08264
2201.08377
2201.08383
2201.08683
2201.09139
2201.09165
2201.09206
2201.09450
2201.09873
2201.10168
2201.10185
2201.10207
2201.10252
2201.10271
2201.10326
2201.10439
2201.10728
2201.10737
2201.10801
2201.11316
2201.11403
2201.11438
2201.11460
2201.11903
2201.12083
2201.12086
2201.12096
2201.12133
2201.12288
2201.12740
2201.12903
2201.13027
2201.13100
2202.00185
2202.00770
2202.01855
2202.01986
2202.02687
2202.02713
2202.02796
2202.03026
2202.03052
2202.03131
2202.03548
2202.03670
2202.04053
2202.04243
2202.04942
2202.05009
2202.05256
2202.05492
2202.05508
2202.05822
2202.06014
2202.06258
2202.06263
2202.06268
2202.06498
2202.06510
2202.06524
2202.06688
2202.06709
2202.06767
2202.06817
2202.07123
2202.07305
2202.07358
2202.07570
2202.07790
2202.07800
2202.07824
2202.07925
2202.08391
2202.08433
2202.08453
2202.09061
2202.09367
2202.09507
2202.09741
2202.10108
2202.11094
2202.11214
2202.11221
2202.11423
2202.11539
2202.11703
2202.11742
2202.11781
2202.11911
2202.11921
2202.12015
2202.12165
2202.12949
2202.13065
2202.13517
2202.13777
2203.00131
2203.00307
2203.00355
2203.00585
2203.00828
1.3
2203.00843
2203.00860
2203.00867
2203.00927
2203.01017
2203.01265
2203.01305
2203.01318
2203.01452
2203.01536
2203.01562
2203.01587
2203.01666
2203.01824
2203.01880
2203.01932
2203.02053
2203.02155
2203.02250
2203.02358
2203.02378
2203.02430
2203.02452
2203.02503
2203.02557
2203.02636
2203.02664
2203.02668
2203.02751
2203.02891
2203.02901
2203.02916
2203.03187
2203.03253
2203.03382
2203.03397
2203.03598
2203.03605
2203.03821
2203.03897
2203.03911
2203.03937
2203.03990
2203.04049
2203.04050
2203.04099
2203.04554
2203.04568
2203.04708
2203.04771
2203.04838
2203.04845
2203.04967
2203.05156
2203.05175
2203.05338
2203.05465
2203.05557
2203.05625
2203.05922
2203.05962
2203.06108
2203.06318
2203.06345
2203.06355
2203.06388
2203.06429
2203.06433
2203.06541
2203.06604
2203.06649
2203.06717
2203.06841
2203.06849
2203.07057
2203.07086
2203.07116
2203.07239
2203.07303
2203.07373
2203.07682
2203.07706
2203.07932
2203.07988
2203.07997
2203.08063
2203.08219
2203.08243
2203.08392
2203.08421
2203.08441
2203.08450
2203.08483
2203.08519
2203.08534
2203.08566
2203.09064
2203.09093
2203.09125
2203.09135
2203.09283
2203.09293
2203.09388
2203.09494
2203.09507
2203.09642
2203.09645
2203.09704
2203.09767
2203.09773
2203.09775
2203.09795
2203.09811
2203.09830
2203.09887
2203.10095
2203.10157
2203.10202
2203.10209
2203.10233
2203.10247
2203.10421
2203.10433
2203.10435
2203.10456
2203.10537
2203.10539
2203.10636
2203.10719
2203.10726
2203.10785
2203.10790
2203.10808
2203.10833
2203.10981
2203.11008
2203.11082
2203.11089
2203.11183
2203.11192
2203.11335
2203.11441
2203.11442
2203.11496
2203.11678
2203.11684
2203.11725
2203.11876
2203.11894
2203.11926
2203.11987
2203.11991
2203.12119
2203.12175
2203.12188
2203.12217
2203.12367
2203.12476
2203.12612
2203.12745
2203.12814
2203.12816
2203.12848
2203.12856
2203.12893
2203.12944
2203.13131
2203.13166
2203.13167
2203.13250
2203.13253
2203.13296
2203.13310
2203.13387
2203.13443
2203.13444
2203.13472
2203.13533
2203.13537
2203.13639
2203.13954
2203.13963
2203.14104
2203.14124
2203.14186
2203.14211
2203.14395
2203.14508
2203.14509
2203.14517
2203.14557
2203.14681
2203.14708
2203.14709
2203.14940
2203.15021
2203.15086
2203.15175
2203.15216
2203.15243
2203.15269
2203.15270
2203.15310
2203.15314
2203.15334
2203.15350
2203.15380
2203.15442
2203.15556
2203.15610
2203.15662
2203.15836
2203.15974
2203.16007
2203.16015
2203.16089
2203.16194
2203.16202
2203.16248
2203.16265
2203.16329
2203.16414
2203.16434
2203.16507
2203.16513
2203.16761
2203.16768
2203.16795
2203.16834
2203.16896
2203.17068
2203.17076
2203.17113
2203.17247
2203.17266
2203.17270
2203.17274
2203.17276
2204.00097
2204.00325
2204.00452
2204.00598
2204.00631
2204.00656
2204.00746
2204.00987
2204.00993
2204.01018
2204.01244
2204.01254
2204.01680
2204.01691
2204.01694
2204.01918
2204.02174
2204.02181
2204.02311
2204.02492
2204.02557
2204.02874
2204.02964
2204.02968
2204.03162
2204.03163
2204.03240
2204.03330
2204.03340
2204.03355
2204.03408
2204.03409
2204.03574
2204.03610
2204.03638
2204.03645
2204.03649
2204.03873
2204.03883
2204.04083
2204.04163
2204.04166
2204.04216
2204.04428
2204.04564
2204.04627
2204.04645
2204.04654
2204.04656
2204.04667
2204.04788
2204.04799
2204.04812
2204.04836
2204.04905
2204.04911
2204.05172
2204.05381
2204.05409
2204.05454
2204.05481
2204.05525
2204.05585
2204.05626
2204.05991
2204.06745
2204.06772
2204.06779
1.3
2204.07098
2204.07118
2204.07141
2204.07143
2204.07157
2204.07346
2204.07356
2204.07366
2204.07374
2204.07616
2204.07683
2204.07722
2204.07756
2204.07780
2204.07908
2204.08023
2204.08027
2204.08043
2204.08058
2204.08164
2204.08332
2204.08387
2204.08412
2204.08446
2204.08583
2204.08680
2204.08696
2204.08721
2204.08790
2204.08870
2204.09290
2204.09303
2204.09331
2204.09600
2204.09817
2204.09826
2204.09967
2204.10039
2204.10321
2204.10448
2204.10688
2204.10777
2204.10962
2204.10965
2204.11167
2204.11232
2204.11385
2204.11432
2204.11436
2204.11582
2204.11716
2204.11837
2204.12112
2204.12143
2204.12151
2204.12185
2204.12196
2204.12204
2204.12260
2204.12406
2204.12451
2204.12484
2204.12817
2204.12819
2204.13286
2204.13340
2204.13575
2204.13738
2204.13791
2204.13807
2204.13861
2204.13892
2204.14095
2204.14109
2204.14195
2204.14217
2205.00214
2205.00347
2205.00423
2205.00434
2205.00823
2205.01086
2205.01529
2205.01580
2205.01586
2205.01643
2205.01657
2205.01818
2205.01972
2205.02151
2205.02833
2205.03039
2205.03340
2205.03436
2205.03776
2205.03806
2205.04042
2205.04264
2205.04363
2205.04437
2205.04725
2205.04749
2205.04948
2205.05076
2205.05194
2205.05277
2205.05320
2205.05474
2205.05854
2205.06126
2205.06175
2205.06230
2205.06672
2205.06944
2205.07056
2205.07230
2205.07417
2205.07450
2205.07683
2205.08078
2205.08094
2205.08303
2205.08390
2205.08473
2205.08534
2205.08535
2205.08878
2205.09048