1903.03107
2009.08162
2107.00451
2205.09382
2205.09445
2205.09579
2205.09671
2205.09690
2205.09995
2205.10053
2205.10093
2205.10101
2205.10102
2205.10337
2205.10342
2205.10505
2205.10579
2205.10650
2205.10663
2205.10747
2205.10793
2205.10803
2205.10873
2205.11083
2205.11283
2205.11397
2205.11487
2205.11501
2205.11634
2205.11710
2205.12029
2205.12041
2205.12105
2205.12231
2205.12466
2205.12551
2205.12602
2205.12635
2205.12785
2205.12956
2205.13213
2205.13425
2205.13535
2205.13671
2205.13805
2205.14022
2205.14141
2205.14204
2205.14319
2205.14338
2205.14354
2205.14443
2205.14458
2205.14459
2205.14477
2205.14575
2205.14589
2205.14756
2205.14865
2205.14871
2205.14949
2205.14986
2205.14999
2205.15173
2205.15175
2205.15237
2205.15290
2205.15361
2205.15448
2205.15495
2205.15509
2205.15667
2205.15730
2205.15836
2205.15868
2205.15997
2206.00169
2206.00171
2206.00182
2206.00222
2206.00244
2206.00311
2206.00389
2206.00481
2206.00566
2206.00621
2206.00629
2206.00630
2206.00645
2206.00806
2206.00853
2206.01127
2206.01136
2206.01161
2206.01191
2206.01201
2206.01204
2206.01256
2206.01670
2206.01720
2206.01741
2206.01843
2206.01908
2206.01988
2206.02082
2206.02131
2206.02146
2206.02338
2206.02425
2206.02432
2206.02647
2206.02680
2206.02770
2206.02977
2206.02985
2206.03048
2206.03105
2206.03354
2206.03382
2206.03428
2206.03452
2206.03484
2206.03678
2206.03789
2206.03826
2206.04003
2206.04006
2206.04046
2206.04176
2206.04246
2206.04382
2206.04403
2206.04503
2206.04557
2206.04584
2206.04615
2206.04636
2206.04667
2206.04673
2206.04674
2206.04785
2206.04846
2206.04981
2206.05149
2206.05184
2206.05282
2206.05375
2206.05712
2206.05763
2206.05836
2206.06252
2206.06291
2206.06292
2206.06336
2206.06346
2206.06420
2206.06619
2206.06741
2206.06801
2206.06829
2206.06922
2206.06931
2206.06947
2206.07011
2206.07045
2206.07148
2206.07160
2206.07307
2206.07349
2206.07643
2206.07662
2206.07669
2206.07699
2206.07706
2206.07981
2206.07990
2206.08155
2206.08194
2206.08358
2206.08423
2206.08477
2206.08522
2206.08564
2206.08567
2206.08568
2206.08645
2206.08657
2206.08883
2206.08898
2206.08916
2206.08919
2206.08948
2206.08985
2206.09059
2206.09111
2206.09265
2206.09325
2206.09358
2206.09592
2206.09667
2206.09852
2206.09853
2206.09900
2206.09959
2206.10125
2206.10207
2206.10329
2206.10436
2206.10531
2206.10552
2206.10589
2206.10789
2206.10802
2206.10810
2206.10845
2206.10902
2206.10910
2206.11053
2206.11073
2206.11251
2206.11253
2206.11752
2206.11895
2206.12381
2206.12403
2206.12634
2206.12638
2206.12925
2206.12946
2206.13155
2206.13156
2206.13170
2206.13173
2206.13499
2206.13559
2206.13829
2206.13951
2206.14085
2206.14413
2206.14718
2206.14858
2206.15002
2206.15083
2206.15248
2206.15398
2206.15462
2207.00106
2207.00113
2207.00188
2207.00208
2207.00215
2207.00221
2207.00234
2207.00499
2207.00545
2207.00555
2207.01044
2207.01071
2207.01203
2207.01206
2207.01219
2207.01297
2207.01405
2207.01545
2207.01567
2207.01580
2207.01600
2207.01696
2207.01779
2207.01844
2207.01925
2207.02059
2207.02091
2207.02126
2207.02159
2207.02202
2207.02250
2207.02255
2207.02327
2207.02334
2207.02335
2207.02390
2207.02431
2207.02756
2207.03006
2207.03038
2207.03041
2207.03341
2207.03450
2207.03558
2207.03620
2207.03852
2207.03917
2207.04132
2207.04224
2207.04242
2207.04320
2207.04399
2207.04410
2207.04491
2207.04535
2207.04976
2207.04978
2207.05042
2207.05205
2207.05254
2207.05293
2207.05312
2207.05342
2207.05358
2207.05366
2207.05420
2207.05456
2207.05501
2207.05515
2207.05518
2207.05557
2207.05621
2207.05736
2207.05833
2207.05844
2207.05906
2207.05920
2207.06067
2207.06101
2207.06124
2207.06205
2207.06235
2207.06332
2207.06403
2207.06465
2207.06603
2207.06612
2207.06831
2207.06867
2207.06966
2207.07039
2207.07078
2207.07284
2207.07285
2207.07335
2207.07370
2207.07381
2207.07611
2207.07635
2207.07646
2207.07798
2207.07827
2207.07828
2207.07852
2207.07885
2207.07895
2207.07919
2207.08150
2207.08184
2207.08319
2207.08352
2207.08409
2207.08412
2207.08455
2207.08494
2207.08518
2207.08536
2207.08549
2207.08569
2207.08625
2207.08677
2207.08914
2207.08954
2207.09048
2207.09067
2207.09240
2207.09270
2207.09339
2207.09446
2207.09519
2207.09625
2207.09644
2207.09662
2207.09666
2207.09725
2207.09777
2207.09790
2207.09805
2207.09814
2207.09966
2207.10026
2207.10040
2207.10255
2207.10285
2207.10315
2207.10341
2207.10362
2207.10447
2207.10448
2207.10455
2207.10498
2207.10859
2207.10860
2207.10866
2207.11103
2207.11201
2207.11347
2207.11553
2207.11660
2207.11938
2207.11971
2207.11972
2207.11995
2207.12100
2207.12148
2207.12152
2207.12318
2207.12392
2207.12576
2207.12598
2207.12622
2207.12659
2207.12661
2207.12795
2207.12819
2207.12842
2207.12955
2207.12967
2207.13080
2207.13085
2207.13162
2207.13259
2207.13298
2207.13317
2207.13325
2207.13415
2207.13516
2207.13532
2207.13861
2207.13888
2207.14012
2207.14087
2207.14172
2207.14284
2207.14552
2207.14686
2208.00173
2208.00219
2208.00281
2208.00380
2208.00394
2208.00438
2208.00449
2208.00657
2208.00662
2208.00690
2208.00712
2208.00713
2208.00777
2208.00906
2208.00934
2208.01159
2208.01161
2208.01195
2208.01313
2208.01582
2208.01618
2208.01626
2208.01753
2208.01837
2208.01838
2208.01843
2208.01897
2208.02034
2208.02205
2208.02245
2208.02515
2208.02541
2208.02801
2208.02812
2208.02851
2208.02879
2208.02918
2208.03007
2208.03012
2208.03028
2208.03354
2208.03431
2208.03506
2208.03543
2208.03550
2208.03571
2208.03704
2208.03987
2208.04060
2208.04215
2208.04254
2208.04307
2208.04309
2208.04464
2208.04693
2208.04921
2208.04939
2208.05114
2208.05163
2208.05216
2208.05318
2208.05375
2208.05688
2208.05820
2208.06034
2208.06449
2208.06643
2208.06768
2208.06773
2208.06833
2208.06980
2208.07220
2208.07256
2208.07664
2208.07791
2208.08037
2208.08041
2208.08104
2208.08165
2208.08191
2208.08241
2208.08315
2208.08340
2208.08352
2208.09224
2208.09266
2208.09520
2208.09567
2208.09596
2208.09602
2208.09703
2208.09843
2208.09878
2208.09885
2208.09957
2208.10126
2208.10211
2208.10358
2208.10431
2208.10547
2208.10701
2208.10808
2208.10861
2208.11039
2208.11108
2208.11112
2208.11247
2208.11328
2208.11356
2208.11435
2208.11572
2208.11718
2208.11781
2208.11908
2208.12037
2208.12257
2208.12259
2208.12398
2208.12408
2208.12415
2208.12776
2208.12801
2208.13049
2208.13085
2208.13138
2208.13721
2208.13753
2208.13923
2208.13975
2208.14023
2208.14201
2208.14209
2208.14437
2208.14607
2208.14649
2208.14657
2208.14687
2208.14704
2208.14876
2208.14882
2208.14889
2209.00277
2209.00383
2209.00588
2209.00638
2209.00647
2209.00852
2209.00859
2209.00860
2209.01112
2209.01148
2209.01206
2209.01578
2209.01620
2209.01745
2209.01814
2209.01816
2209.02178
2209.02197
2209.02242
2209.02431
2209.02432
2209.03143
2209.03300
2209.03609
2209.03745
2209.03953
2209.04372
2209.04439
2209.04725
2209.05036
2209.05299
2209.05401
2209.05451
2209.05588
2209.05654
2209.05687
2209.05700
2209.05946
2209.06040
2209.06103
2209.06192
2209.06291
2209.06383
2209.06430
2209.06535
2209.06629
2209.06650
2209.06730
2209.06954
2209.06970
2209.06994
2209.07026
2209.07046
2209.07341
2209.07399
2209.07474
2209.07484
2209.07511
2209.07526
2209.07682
2209.07704
2209.07738
2209.07902
2209.07951
2209.07989
2209.08194
2209.08231
2209.08455
2209.08529
2209.08569
2209.08575
2209.08726
2209.08844
2209.08956
2209.09004
2209.09019
2209.09178
2209.09236
2209.09407
2209.09484
2209.09513
2209.09545
2209.09552
2209.09554
2209.09657
2209.09898
2209.10074
2209.10357
2209.10655
2209.10930
2209.11112
2209.11133
2209.11180
2209.11223
2209.11255
2209.11304
2209.11345
2209.11388
2209.11433
2209.12075
2209.12152
2209.12343
2209.12362
2209.12723
2209.13171
2209.13204
2209.13306
2209.13307
2209.13363
2209.13430
2209.13507
2209.13508
2209.13785
2209.13802
2209.13822
2209.13925
2209.13948
2209.13959
2209.13983
2209.14024
2209.14156
2209.14169
2209.14491
2209.14916
2209.14927
2209.14969
2209.14988
2209.15000
2209.15001
2209.15006
2209.15076
2209.15159
2209.15162
2209.15210
2209.15258
2209.15264
2209.15270
2209.15280
2209.15323
2209.15329
2209.15352
2209.15425
2209.15517
2209.15639
2210.00055
2210.00132
2210.00181
2210.00314
2210.00445
2210.00705
2210.00757
2210.00843
2210.00944
2210.00990
2210.01033
2210.01035
2210.01055
2210.01115
2210.01208
2210.01253
2210.01338
2210.01391
2210.01427
2210.01677
2210.01723
2210.01820
2210.01911
2210.01936
2210.02030
2210.02077
2210.02081
2210.02186
2210.02291
2210.02303
2210.02390
2210.02396
2210.02399
2210.02476
2210.02693
2210.02762
2210.02884
2210.02928
2210.02953
2210.03087
2210.03094
2210.03109
2210.03112
2210.03114
2210.03117
2210.03142
2210.03189
2210.03347
2210.03459
2210.03546
2210.03629
2210.03730
2210.03794
2210.03899
2210.03919
2210.03941
2210.04020
2210.04062
2210.04135
2210.04143
2210.04150
2210.04154
2210.04183
2210.04218
2210.04287
2210.04341
2210.04377
2210.04393
2210.04506
2210.04510
2210.04563
2210.04787
2210.04816
2210.04831
2210.04845
2210.04864
2210.04883
2210.04886
2210.04889
2210.05038
2210.05039
2210.05060
2210.05176
2210.05313
2210.05335
2210.05533
2210.05666
2210.05668
2210.05742
2210.05794
2210.05832
2210.05844
2210.05861
2210.05950
2210.05958
2210.05990
2210.06031
2210.06044
2210.06110
2210.06284
2210.06313
2210.06323
2210.06332
2210.06366
2210.06379
2210.06423
2210.06433
2210.06455
2210.06466
2210.06551
2210.06583
2210.06681
2210.06707
2210.06780
2210.06881
2210.06908
2210.07072
2210.07076
2210.07124
2210.07179
2210.07183
2210.07224
2210.07225
2210.07240
2210.07372
2210.07503
2210.07506
2210.07540
2210.07562
2210.07601
2210.07646
2210.07663
2210.07795
2210.07883
2210.07886
2210.07920
2210.07940
2210.07976
2210.08066
2210.08164
2210.08288
2210.08344
2210.08402
2210.08423
2210.08458
2210.08603
2210.08737
2210.08773
2210.08812
2210.08901
2210.09221
2210.09223
2210.09263
2210.09267
2210.09304
2210.09461
2210.09477
2210.09520
2210.09549
2210.09573
2210.09729
2210.09782
2210.09996
2210.10163
2210.10176
2210.10276
2210.10362
2210.10542
2210.10615
2210.10775
2210.10820
2210.10828
2210.10841
2210.10890
2210.10969
2210.11006
2210.11065
2210.11109
2210.11248
2210.11427
2210.11456
2210.11470
2210.11718
2210.11909
2210.11929
2210.11974
2210.12079
2210.12333
2210.12381
2210.12599
2210.12649
2210.12686
2210.12752
2210.12755
2210.12826
2210.12977
2210.13007
2210.13079
2210.13431
2210.13438
2210.13452
2210.13540
2210.13570
2210.13576
2210.13591
2210.13605
2210.13626
2210.13827
2210.14124
2210.14139
2210.14222
2210.14319
2210.14391
2210.14461
2210.14558
2210.14601
2210.14618
2210.14648
2210.14682
2210.14714
2210.14755
2210.14793
2210.15028
2210.15110
2210.15138
2210.15257
2210.15316
2210.15365
2210.15511
2210.15541
2210.15563
2210.15631
2210.15722
2210.15769
2210.15871
2210.15929
2210.15933
2210.15943
2210.15986
2210.16057
2210.16127
2210.16174
2210.16476
2210.16755
2210.16788
2210.16870
2210.16897
2210.16898
2210.17115
2210.17322
2210.17400
2211.00262
2211.00349
2211.00575
2211.00849
2211.00868
2211.00937
2211.01246
2211.01324
2211.01335
2211.01427
2211.01484
2211.01785
2211.01969
2211.02006
2211.02077
2211.02625
2211.03064
2211.03267
2211.03295
2211.03314
2211.03594
2211.03779
2211.04060
2211.04304
2211.04323
2211.04768
2211.04773
2211.04785
2211.04963
2211.05077
2211.05100
2211.05109
2211.05187
2211.05521
2211.05588
2211.05654
2211.05778
2211.05781
2211.05991
2211.06004
2211.06083
2211.06220
2211.06627
2211.06750
2211.06828
2211.06885
2211.06956
2211.07091
2211.07157
2211.07198
2211.07275
2211.07321
2211.07864
2211.07912
2211.08024
2211.08071
2211.08086
2211.08110
2211.08332
2211.08543
2211.08564
2211.08609
2211.08704
2211.08834
2211.09074
2211.09119
2211.09386
2211.09460
2211.09469
2211.09552
2211.09590
2211.09623
2211.09643
2211.09646
2211.09699
2211.09768
2211.09778
2211.09788
2211.09791
2211.09794
2211.09800
2211.09807
2211.09808
2211.10043
2211.10156
2211.10181
2211.10253
2211.10277
2211.10439
2211.10526
2211.10528
2211.10567
2211.10580
2211.10622
2211.10681
2211.10705
2211.10772
2211.10801
2211.10927
2211.11018
2211.11066
2211.11085
2211.11152
2211.11153
2211.11158
2211.11167
2211.11190
2211.11210
2211.11275
2211.11293
2211.11315
2211.11386
2211.11423
2211.11427
2211.11432
2211.11436
2211.11446
2211.11492
2211.11559
2211.11635
2211.11679
2211.11682
2211.11694
2211.11701
2211.11720
2211.11733
2211.11943
2211.11953
2211.12030
2211.12054
2211.12112
2211.12148
2211.12250
2211.12280
2211.12292
2211.12402
2211.12542
2211.12561
2211.12735
2211.12737
2211.12739
2211.12740
2211.12764
2211.12824
2211.12860
2211.12905
2211.12914
2211.13202
2211.13218
2211.13222
2211.13319
2211.13357
2211.13437
2211.13443
2211.13445
2211.13470
2211.13654
2211.13852
2211.13854
2211.13955
2211.13977
2211.13979
2211.13984
2211.13999
2211.14090
2211.14125
2211.14154
2211.14241
2211.14305
2211.14307
2211.14449
2211.14461
2211.14710
2211.14813
2211.14842
2211.14905
2211.14958
2211.15076
2211.15103
2211.15107
2211.15211
2211.15362
2211.15378
2211.15388
2211.15398
2211.15428
2211.15516
2211.15518
2211.15603
2211.15654
2211.15658
2211.16056
2211.16198
2211.16208
2211.16374
2211.16421
2211.16504
2211.16594
2211.16636
2211.16649
2211.16761
2211.16769
2211.17232
2212.00057
2212.00226
2212.00280
2212.00638
2212.00776
2212.00785
2212.00836
2212.00843
2212.01055
2212.01141
2212.01231
2212.01424
2212.01447
2212.01558
2212.01638
2212.01758
2212.02291
2212.02400
2212.02499
2212.02623
2212.02969
2212.03035
2212.03099
2212.03145
2212.03185
2212.03191
2212.03220
2212.03229
2212.03241
2212.03267
2212.03293
2212.03434
2212.03490
2212.03588
2212.03640
2212.03690
2212.03814
2212.03862
2212.03863
2212.04088
2212.04098
2212.04114
2212.04196
2212.04231
2212.04246
2212.04267
2212.04356
2212.04362
2212.04385
2212.04412
2212.04489
2212.04493
2212.04497
2212.04501
2212.04821
2212.04842
2212.04979
2212.04994
2212.05032
2212.05034
2212.05051
2212.05136
2212.05171
2212.05221
2212.05463
2212.05505
2212.05590
2212.05598
2212.05677
2212.05729
2212.05758
2212.05935
2212.06026
2212.06137
2212.06138
2212.06202
2212.06246
2212.06301
2212.06593
2212.06795
2212.06817
2212.06909
2212.07065
2212.07143
2212.07207
2212.07289
2212.07593
2212.07796
2212.07983
2212.08013
2212.08045
2212.08059
2212.08071
2212.08254
2212.08320
2212.08653
2212.09058
2212.09335
2212.09478
2212.09506
2212.09522
2212.09737
2212.09948
2212.10156
2212.10596
2212.10846
2212.11263
2212.11270
2212.11377
2212.11851
2212.12130
2212.12977
2212.13138
2212.13563
2212.13738
2212.13805
2212.14427
2212.14546
2212.14704
2301.00182
2301.00184
2301.00230
2301.00746
2301.00785
2301.00805
2301.01146
2301.01156
2301.01283
2301.01296
2301.01431
2301.01893
2301.01953
2301.01970
2301.02064
2301.02074
2301.02111
2301.02228
2301.02229
2301.02240
2301.02241
2301.02280
2301.02311
2301.02364
2301.02379
2301.02508
2301.02657
2301.03461
2301.03505
2301.03992
2301.04104
2301.04224
2301.04467
2301.04558
2301.04791
2301.04926
2301.04944
2301.05221
2301.05499
2301.06051
2301.06267
2301.06309
2301.06429
2301.06958
2301.07093
2301.07094
2301.07464
2301.07584
2301.07836
2301.08110
2301.08243
2301.08739
2301.09121
2301.09506
2301.09515
2301.10222
2301.11116
2301.11280
2301.11305
2301.11320
2301.11325
2301.12171
2301.12458
2301.12503
2301.12507
2301.12597
2301.12959
2301.13081
2301.13156
2301.13166
2301.13510
2301.13662
2301.13741
2301.13823
2302.00070
2302.00268
2302.00402
2302.00624
2302.00864
2302.00902
2302.01171
2302.01872
2302.02210
2302.02318
2302.02408
2302.02551
2302.02662
2302.02908
2302.02948
2302.03011
2302.03024
2302.03027
2302.03084
2302.03432
2302.03453
2302.03665
2302.04358
2302.04476
2302.04761
2302.04858
2302.04869
2302.04973
2302.05496
2302.05543
2302.05738
2302.06235
2302.06586
2302.06675
2302.06833
2302.07241
2302.07387
2302.07408
2302.07817
2302.08374
2302.08641
2302.08908
2302.08958
2302.09251
2302.09736
2302.10035
2302.10248
2302.10287
2302.10307
2302.10574
2302.10586
2302.10924
2302.11084
2302.11154
2302.11208
2302.11217
2302.11306
2302.11710
2302.11713
2302.12066
2302.12228
2302.12242
2302.12248
2302.12251
2302.12716
2302.13074
2302.13485
2302.13495
2302.13668
2302.13971
2302.13987
2302.13996
2302.14115
2302.14138
2302.14163
2302.14284
2302.14335
2302.14338
2302.14383
2302.14431
2302.14435
2302.14581
2302.14673
2302.14746
2302.14794
2303.00001
2303.00040
2303.00440
2303.00534
2303.00601
2303.00750
2303.00855
2303.00865
2303.00905
2303.00941
2303.01037
2303.01112
2303.01192
2303.01239
2303.01311
2303.01396
2303.01480
2303.01494
2303.01503
2303.01788
2303.01903
2303.02151
2303.02153
2303.02416
2303.02437
2303.02455
2303.02483
2303.02489
2303.02506
2303.02885
2303.02936
2303.02982
2303.02995
2303.03032
2303.03052
2303.03323
2303.03366
2303.03369
2303.03755
2303.03800
2303.03849
2303.03932
2303.04077
2303.04129
2303.04143
2303.04249
2303.04497
2303.04664
2303.04748
2303.04761
2303.04803
2303.04935
2303.04989
2303.04991
2303.04995
2303.04998
2303.05031
2303.05068
2303.05071
2303.05078
2303.05095
2303.05105
2303.05122
2303.05266
2303.05313
2303.05499
2303.05657
2303.05675
2303.05707
2303.05760
2303.05892
2303.05952
2303.05977
2303.06326
2303.06357
2303.06373
2303.06378
2303.06424
2303.06440
2303.06547
2303.06555
2303.06571
2303.06591
2303.06628
2303.06674
2303.06705
2303.06806
2303.06819
2303.06908
2303.07033
2303.07216
2303.07223
2303.07226
2303.07240
2303.07274
2303.07280
2303.07336
2303.07489
2303.07545
2303.07863
2303.07909
2303.07929
2303.08128
2303.08131
2303.08137
2303.08138
2303.08225
2303.08231
2303.08345
2303.08409
2303.08450
2303.08481
2303.08536
2303.08578
2303.08594
2303.08600
2303.08685
2303.08810
2303.08914
2303.08998
2303.09040
2303.09100
2303.09119
2303.09181
2303.09187
2303.09252
2303.09268
2303.09270
2303.09319
2303.09373
2303.09427
2303.09534
2303.09535
2303.09553
2303.09665
2303.09730
2303.09735
2303.09813
2303.09857
2303.09867
2303.09998
2303.10056
2303.10126
2303.10428
2303.10431
2303.10437
2303.10438
2303.10482
2303.10689
2303.10826
2303.10883
2303.11048
2303.11114
2303.11126
2303.11235
2303.11251
2303.11313
2303.11324
2303.11325
2303.11331
2303.11381
2303.11403
2303.11630
2303.11638
2303.11674
2303.11681
2303.11732
2303.11749
2303.11797
2303.11866
2303.11897
2303.11950
2303.12001
2303.12027
2303.12060
2303.12112
2303.12194
2303.12208
2303.12343
2303.12346
2303.12370
2303.12384
2303.12417
2303.12423
2303.12501
2303.12513
2303.12557
2303.12621
2303.12712
2303.12766
2303.12776
2303.12782
2303.12793
2303.12930
2303.13009
2303.13018
2303.13040
2303.13043
2303.13076
2303.13132
2303.13233
2303.13273
2303.13283
2303.13357
2303.13396
2303.13397
2303.13434
2303.13439
2303.13440
2303.13455
2303.13477
2303.13483
2303.13505
2303.13509
2303.13510
2303.13518
2303.13755
2303.13802
2303.13817
2303.13874
2303.14005
2303.14038
2303.14123
2303.14189
2303.14191
2303.14302
2303.14341
2303.14369
2303.14376
2303.14386
2303.14389
2303.14395
2303.14396
2303.14408
2303.14465
2303.14474
2303.14541
2303.14585
2303.14613
2303.14618
2303.14644
2303.14651
2303.14717
2303.14768
2303.14773
2303.14814
2303.14816
2303.14863
2303.14893
2303.14926
2303.14968
2303.14969
2303.14978
2303.15105
2303.15111
2303.15167
2303.15233
2303.15247
2303.15274
2303.15389
2303.15421
2303.15441
2303.15446
2303.15466
2303.15555
2303.15591
2303.15754
2303.15786
2303.15796
2303.15904
2303.15975
2303.15994
2303.16058
2303.16133
2303.16160
2303.16181
2303.16199
2303.16203
2303.16341
2303.16342
2303.16406
2303.16450
2303.16501
2303.16513
2303.16580
2303.16624
2303.16839
2303.16890
2303.16891
2303.16894
2303.16897
2303.16899
2303.16975
2303.16990
2303.17056
2303.17123
2303.17155
2303.17169
2303.17200
2303.17225
2303.17228
2303.17285
2303.17316
2303.17472
2303.17561
2303.17564
2303.17569
2303.17580
2303.17590
2303.17604
2303.17605
2303.17783
2303.17803
2303.17811
2303.17839
2303.17859
2303.17959
2303.18144
2303.18177
2303.18230
2303.18232
2303.18240
2303.18248
2304.00058
2304.00212
2304.00242
2304.00253
2304.00287
2304.00325
2304.00685
2304.00719
2304.00779
2304.00788
2304.00844
2304.00946
2304.00947
2304.00962
2304.01053
2304.01054
2304.01110
2304.01114
2304.01184
2304.01194
2304.01195
2304.01198
2304.01199
2304.01200
2304.01457
2304.01489
2304.01515
2304.01598
2304.01603
2304.01611
2304.01715
2304.01752
2304.01816
2304.01830
2304.02211
2304.02225
2304.02419
2304.02530
2304.02556
2304.02560
2304.02639
2304.02767
2304.02828
2304.02853
2304.02942
2304.03012
2304.03110
2304.03119
2304.03135
2304.03140
2304.03195
2304.03246
2304.03277
2304.03282
2304.03283
2304.03284
2304.03307
2304.03372
2304.03373
2304.03410
2304.03442
2304.03481
2304.03493
2304.03495
2304.03572
2304.03635
2304.03659
2304.03693
2304.03752
2304.03754
2304.03768
2304.03916
2304.04175
2304.04227
2304.04231
2304.04237
2304.04321
2304.04354
2304.04399
2304.04415
2304.04420
2304.04514
2304.04521
2304.04694
2304.04704
2304.04742
2304.04779
2304.04907
2304.04909
2304.04978
2304.05051
2304.05173
2304.05316
2304.05387
2304.05390
2304.05523
2304.05659
2304.05694
2304.05930
2304.06028
2304.06061
2304.06107
2304.06131
2304.06211
2304.06212
2304.06247
2304.06306
2304.06385
2304.06391
2304.06446
2304.06602
2304.06668
2304.06708
2304.06712
2304.06718
2304.06790
2304.06906
2304.06939
2304.06957
2304.07082
2304.07221
2304.07313
2304.07527
2304.07547
2304.07803
2304.07874
2304.07915
2304.07919
2304.08069
2304.08083
2304.08114
2304.08345
2304.08386
2304.08408
2304.08451
2304.08466
2304.08479
2304.08480
2304.08483
2304.08490
2304.08491
2304.08682
2304.08756
2304.08809
2304.09172
2304.09179
2304.09691
2304.09790
2304.09842
2304.09854
2304.09856
2304.10465
2304.10592
2304.10628
2304.10716
2304.10864
2304.11431
2304.11463
2304.11523
2304.11818
2304.11968
2304.12043
2304.12160
2304.12306
2304.12308
2304.12406
2304.12520
2304.12995
2304.13013
2304.13030
2304.13089
2304.13166
2304.13265
2304.13273
2304.13639
2304.13700
2304.13923
2304.13986
2304.14178
2304.14291
2304.14299
2304.14381
2304.14382
2304.14394
2304.14400
2304.14406
2304.14407
2304.14530
2304.14933
2304.15010
2305.00104
2305.00161
2305.00201
2305.00348
2305.00350
2305.00355
2305.00514
2305.00581
2305.00675
2305.00729
2305.00976
2305.01040
2305.01233
2305.01239
2305.01275
2305.01278
2305.01319
2305.01586
2305.01788
2305.01836
2305.01928
2305.02034
2305.02177
2305.02187
2305.02297
2305.02317
2305.02519
2305.02549
2305.02567
2305.02572
2305.02578
2305.02677
2305.02968
2305.03045
2305.03048
2305.03052
2305.03112
2305.03210
2305.03273
2305.03302
2305.03347
2305.03374
2305.03610
2305.03689
2305.03701
2305.03726
2305.04075
2305.04224
2305.04474
2305.04536
2305.04691
2305.04769
2305.04790
2305.04868
2305.04926
2305.04961
2305.05095
2305.05177
2305.05208
2305.05351
2305.05662
2305.05665
2305.05726
2305.05803
2305.05871
2305.05992
2305.06002
2305.06061
2305.06221
2305.06324
2305.06355
2305.06386
2305.06407
2305.06422
2305.06500
2305.06558
2305.06621
2305.06988
2305.07011
2305.07017
2305.07019
2305.07021
2305.07027
2305.07214
2305.07223
2305.07239
2305.07304
2305.07437
2305.07490
2305.07558
2305.07598
2305.07910
2305.08196
2305.08275
2305.08381
2305.08386
2305.08491
2305.08675
2305.08685
2305.08719
2305.08776
2305.08850
2305.09662
2305.09699
2305.09758
2305.09924
2305.10289
2305.10355
2305.10400
2305.10403
2305.10415
2305.10420
2305.10431
2305.10474
2305.10601
2305.10683
2305.10714
2305.10722
2305.10727
2305.10764
2305.10799
2305.10801
2305.10855
2305.10874
2305.10973
2305.11003
2305.11019
2305.11033
2305.11092
2305.11101
2305.11116
2305.11147
2305.11172
2305.11173
2305.11175
2305.11206
2305.11365
2305.11439
2305.11474
2305.11481
2305.11487
2305.11488
2305.11497
2305.11577
2305.11675
2305.11692
2305.11769
2305.11846
2305.12140
2305.12223
2305.12248
2305.12354
2305.12369
2305.12427
2305.12437
2305.12450
2305.12452
2305.12476
2305.12497
2305.12716
2305.12927
2305.12943
2305.12966
2305.13031
2305.13035
2305.13093
2305.13167
2305.13173
2305.13292
2305.13311
2305.13495
2305.13516
2305.13580
2305.13607
2305.13738
2305.13777
2305.13786
2305.14014
2305.14053
2305.14093
2305.14095
2305.14173
2305.14207
2305.14218
2305.14268
2305.14298
2305.14314
2305.14334
2305.14381
2305.14428
2305.14598
2305.14720
2305.14730
2305.14800
2305.14836
2305.14969
2305.14985
2305.15021
2305.15023
2305.15217
2305.15272
2305.15328
2305.15347
2305.15393
2305.15483
2305.15567
2305.15581
2305.15896
2305.15957
2305.16133
2305.16223
2305.16263
2305.16289
2305.16291
2305.16295
2305.16316
2305.16318
2305.16355
2305.16397
2305.16404
2305.16602
2305.16804
2305.16835
2305.16934
2305.16972
2305.16986
2305.16999
2305.17006
2305.17011
2305.17096
2305.17102
2305.17214
2305.17216
2305.17235
2305.17328
2305.17343
2305.17369
2305.17455
2305.17530
2305.17540
2305.17652
2305.17718
2305.17768
2305.17891
2305.17903
2305.17997
2305.18010
2305.18072
2305.18074
2305.18135
2305.18279
2305.18287
2305.18290
2305.18455
2305.18476
2305.18500
2305.18565
2305.18786
2305.18832
2305.18969
2305.18980
2305.18993
2305.19108
2305.19129
2305.19164
2305.19195
2305.19270
2305.19406
2305.19412
2305.19458
2305.19581
2305.19595
2305.19664
2305.19867
2305.19894
2305.19924
2305.19957
2305.20047
2305.20049
2305.20062
2305.20087
2305.20088
2305.20091
2306.00238
2306.00396
2306.00595
2306.00634
2306.00680
2306.00693
2306.00813
2306.00890
2306.00917
2306.00958
2306.00968
2306.00973
2306.00984
2306.01195
2306.01257
2306.01293
2306.01567
2306.01667
2306.01669
2306.01733
2306.01736
2306.01738
2306.01872
2306.01879
2306.02080
2306.02095
2306.02240
2306.02329
2306.02728
2306.02858
2306.03092
2306.03374
2306.03403
2306.03413
2306.03421
2306.03437
2306.03514
2306.03802
2306.03847
2306.03899
2306.03908
2306.03932
2306.04186
2306.04272
2306.04356
2306.04362
2306.04451
2306.04633
2306.04652
2306.04670
2306.04774
2306.04811
2306.04822
2306.04842
2306.04897
2306.04898
2306.05067
2306.05085
2306.05284
2306.05382
2306.05399
2306.05422
2306.05423
2306.05424
2306.05425
2306.05442
2306.05493
2306.05682
2306.05704
2306.05807
2306.05888
2306.06077
2306.06189
2306.06211
2306.06289
2306.06306
2306.06635
2306.06687
2306.06997
2306.07154
2306.07196
2306.07207
2306.07265
2306.07272
2306.07279
2306.07346
2306.07349
2306.07470
2306.07713
2306.07831
2306.07915
2306.07952
2306.07971
2306.08045
2306.08073
2306.08200
2306.08226
2306.08330
2306.08463
2306.08498
2306.08640
2306.08641
2306.08658
2306.08659
2306.08685
2306.08731
2306.08736
2306.08751
2306.08893
2306.08920
2306.09085
2306.09093
2306.09224
2306.09244
2306.09265
2306.09278
2306.09305
2306.09316
2306.09324
2306.09327
2306.09331
2306.09347
2306.09683
2306.09729
2306.09970
2306.09996
2306.10008
2306.10169
2306.10322
2306.10533
2306.10608
2306.10792
2306.10875
2306.10900
2306.11087
2306.11207
2306.11300
2306.11316
2306.11528
2306.11565
2306.11593
2306.11726
2306.11729
2306.11732
2306.11868
2306.12070
2306.12105
2306.12156
2306.12424
2306.12525
2306.12559
2306.12570
2306.12642
2306.12860
2306.12925
2306.12929
2306.12991
2306.13090
2306.13394
2306.13465
2306.13549
2306.13631
2306.13653
2306.13863
2306.14060
2306.14182
2306.14289
2306.14530
2306.14565
2306.14610
2306.14636
2306.14795
2306.14824
2306.14846
2306.14895
2306.14896
2306.14899
2306.15128
2306.15161
2306.15195
2306.15521
2306.15658
2306.15670
2306.15687
2306.15706
2306.15850
2306.15880
2306.15955
2306.16048
2306.16410
2306.16527
2306.16658
2306.16678
2306.16805
2306.17107
2306.17115
2306.17154
2306.17253
2306.17319
2306.17373
2306.17770
2306.17778
2306.17842
2306.17848
2307.00038
2307.00097
2307.00154
2307.00293
2307.00313
2307.00331
2307.00347
2307.00398
2307.00536
2307.00764
2307.00862
2307.00910
2307.00997
2307.01003
2307.01067
2307.01146
2307.01197
2307.01430
2307.01492
2307.01694
2307.01831
2307.01848
2307.01952
2307.02003
2307.02092
2307.02100
2307.02138
2307.02280
2307.02321
2307.02469
2307.02499
2307.02682
2307.02862
2307.02869
2307.03073
2307.03135
2307.03166
2307.03254
2307.03339
2307.03407
2307.03601
2307.04087
2307.04129
2307.04455
2307.04749
2307.04760
2307.04767
2307.04858
2307.05014
2307.05222
2307.05325
2307.05463
2307.05591
2307.05707
2307.05963
2307.05973
2307.05979
2307.06166
2307.06281
2307.06304
2307.06350
2307.06795
2307.06925
2307.06930
2307.06942
2307.06947
2307.06948
2307.06949
2307.07063
2307.07397
2307.07483
2307.07487
2307.07635
2307.07742
2307.07929
2307.07938
2307.07947
2307.08015
2307.08041
2307.08095
2307.08238
2307.08243
2307.08249
2307.08353
2307.08476
2307.08492
2307.08500
2307.08504
2307.08506
2307.08526
2307.08579
2307.08581
2307.08621
2307.08629
2307.08688
2307.08908
2307.09220
2307.09233
2307.09267
2307.09283
2307.09356
2307.09474
2307.09547
2307.09756
2307.09972
2307.10046
2307.10350
2307.10405
2307.10567
2307.10763
2307.10780
2307.10782
2307.10790
2307.10922
2307.11035
2307.11077
2307.11227
2307.11342
2307.11386
2307.11458
2307.11471
2307.11545
2307.11558
2307.11636
2307.11661
2307.11828
2307.11934
2307.11978
2307.11984
2307.12058
2307.12194
2307.12239
2307.12291
2307.12348
2307.12392
2307.12574
2307.12577
2307.12612
2307.12616
2307.12732
2307.12813
2307.12854
2307.12907
2307.12914
2307.12964
2307.12980
2307.12981
2307.13012
2307.13316
2307.13363
2307.13529
2307.13537
2307.13721
2307.13756
2307.13770
2307.14008
2307.14010
2307.14061
2307.14277
2307.14710
2307.14768
2307.14786
2307.14971
2307.15016
2307.15049
2307.15189
2307.15199
2307.15266
2307.15640
2307.15644
2307.15697
2307.15700
2307.15745
2307.16144
2307.16184
2307.16204
2307.16368
2307.16377
2307.16449
2307.16525
2307.16634
2307.16686
2307.16687
2307.16715
2307.16789
2307.16896
2308.00255
2308.00261
2308.00352
2308.00353
2308.00442
2308.00566
2308.00675
2308.00692
2308.00951
2308.01045
2308.01217
2308.01236
2308.01300
2308.01390
2308.01532
2308.01544
2308.01779
2308.01904
2308.01907
2308.01944
2308.01948
2308.02097
2308.02151
2308.02160
2308.02161
2308.02162
2308.02177
2308.02236
2308.02299
2308.02487
2308.02490
2308.02668
2308.02738
2308.02982
2308.03005
2308.03267
2308.03322
2308.03364
2308.03409
2308.03685
2308.03726
2308.03729
2308.03747
2308.03768
2308.03793
2308.03826
2308.03975
2308.04016
2308.04047
2308.04054
2308.04152
2308.04162
2308.04206
2308.04343
2308.04352
2308.04380
2308.04409
2308.04549
2308.04556
2308.04583
2308.04657
2308.04758
2308.04767
2308.04808
2308.04828
2308.04829
2308.05022
2308.05051
2308.05140
2308.05305
2308.05421
2308.05438
2308.05581
2308.05659
2308.05667
2308.05721
2308.05737
2308.05787
2308.05911
2308.05987
2308.06038
2308.06112
2308.06160
2308.06202
2308.06262
2308.06412
2308.06530
2308.06531
2308.06548
2308.06595
2308.06635
2308.06693
2308.06721
2308.06735
2308.06739
2308.06897
2308.06904
2308.06947
2308.07056
2308.07078
2308.07092
2308.07102
2308.07110
2308.07119
2308.07146
2308.07228
2308.07234
2308.07301
2308.07313
2308.07498
2308.07595
2308.07648
2308.07732
2308.07737
2308.07788
2308.07891
2308.07893
2308.07918
2308.07997
2308.08325
2308.08370
2308.08414
2308.08428
2308.08544
2308.08724
2308.08730
2308.08753
2308.08769
2308.08854
2308.08855
2308.08881
2308.08885
2308.09126
2308.09139
2308.09160
2308.09242
2308.09244
2308.09245
2308.09303
2308.09306
2308.09322
2308.09351
2308.09363
2308.09372
2308.09472
2308.09540
2308.09599
2308.09610
2308.09611
2308.09663
2308.09710
2308.09718
2308.09775
2308.09778
2308.09779
2308.09804
2308.09873
2308.09882
2308.09891
2308.09903
2308.09936
2308.09977
2308.10045
2308.10061
2308.10133
2308.10141
2308.10147
2308.10172
2308.10185
2308.10253
2308.10280
2308.10315
2308.10334
2308.10402
2308.10408
2308.10445
2308.10447
2308.10509
2308.10531
2308.10570
2308.10814
2308.10820
2308.10897
2308.11015
2308.11062
2308.11073
2308.11093
2308.11185
2308.11186
2308.11194
2308.11322
2308.11331
2308.11357
2308.11358
2308.11421
2308.11448
2308.11488
2308.11489
2308.11506
2308.11551
2308.11568
2308.11596
2308.11605
2308.11607
2308.11662
2308.11783
2308.11793
2308.11796
2308.11887
2308.11971
2308.12001
2308.12035
2308.12045
2308.12191
2308.12213
2308.12216
2308.12370
2308.12372
2308.12383
2308.12469
2308.12510
2308.12549
2308.12587
2308.12774
2308.12950
2308.12956
2308.12961
2308.13004
2308.13077
2308.13218
2308.13266
2308.13323
2308.13324
2308.13437
2308.13494
2308.13505
2308.13711
2308.13785
2308.13814
2308.13853
2308.14023
2308.14036
2308.14074
2308.14152
2308.14153
2308.14500
2308.14575
2308.14710
2308.14726
2308.14746
2308.14960
2308.14978
2308.15004
2308.15226
2308.15266
2308.15367
2308.15462
2308.15512
2308.15827
2308.16182
2308.16184
2308.16271
2308.16383
2308.16512
2308.16632
2308.16689
2308.16777
2308.16825
2308.16890
2308.16893
2308.16911
2309.00096
2309.00233
2309.00267
2309.00615
2309.00616
2309.00661
2309.00775
2309.00796
2309.00810
2309.00828
2309.01005
2309.01017
2309.01083
2309.01093
2309.01131
2309.01141
2309.01151
2309.01155
2309.01256
2309.01327
2309.01420
2309.01430
2309.01479
2309.01692
2309.02031
2309.02041
2309.02155
2309.02224
2309.02423
2309.02591
2309.02773
2309.02999
2309.03406
2309.03409
2309.03473
2309.03576
2309.03893
2309.03895
2309.03897
2309.03903
2309.03905
2309.03979
2309.04109
2309.04158
2309.04354
2309.04379
2309.04422
2309.04461
2309.04573
2309.04669
2309.04902
2309.05069
2309.05173
2309.05186
2309.05239
2309.05251
2309.05257
2309.05281
2309.05519
2309.05551
2309.05573
2309.05674
2309.05829
2309.05950
2309.06135
2309.06284
2309.06438
2309.06672
2309.06703
2309.06891
2309.07439
2309.07499
2309.07677
2309.07911
2309.07914
2309.07915
2309.07920
2309.07929
2309.08007
2309.08020
2309.08480
2309.08489
2309.08586
2309.08587
2309.08912
2309.09067
2309.09456
2309.09668
2309.09858
2309.09958
2309.10020
2309.10091
2309.10456
2309.10674
2309.10713
2309.10724
2309.10726
2309.10783
2309.11160
2309.11419
2309.11445
2309.11497
2309.11499
2309.11500
2309.11523
2309.11569
2309.11593
2309.11707
2309.11730
2309.11857
2309.11933
2309.12303
2309.12311
2309.12314
2309.12530
2309.12594
2309.12867
2309.12969
2309.13196
2309.13245
2309.13248
2309.13415
2309.13446
2309.13505
2309.13524
2309.13625
2309.13847
2309.13860
2309.13952
2309.14136
2309.14181
2309.14203
2309.14289
2309.14303
2309.14338
2309.14491
2309.14525
2309.14741
2309.14928
2309.15019
2309.15086
2309.15112
2309.15251
2309.15275
2309.15785
2309.15807
2309.15915
2309.15940
2309.16020
2309.16058
2309.16108
2309.16133
2309.16140
2309.16211
2309.16283
2309.16414
2309.16482
2309.16534
2309.16588
2309.16649
2309.16650
2309.16669
2309.16671
2309.16738
2309.16889
2309.17205
2309.17421
2309.17444
2310.00031
2310.00132
2310.00161
2310.00240
2310.00390
2310.00426
2310.00500
2310.00582
2310.00632
2310.00653
2310.00816
2310.01018
2310.01128
2310.01218
2310.01324
2310.01393
2310.01401
2310.01403
2310.01412
2310.01812
2310.01852
2310.01957
2310.02071
2310.02239
2310.02251
2310.02296
2310.02544
2310.02569
2310.02588
2310.02642
2310.02848
2310.02960
2310.02992
2310.02998
2310.03291
2310.03324
2310.03734
2310.03739
2310.03744
2310.03937
2310.03967
2310.04181
2310.04550
2310.04655
2310.04863
2310.05010
2310.05056
2310.05060
2310.05107
2310.05126
2310.05393
2310.05400
2310.05699
2310.05737
2310.05861
2310.05872
2310.05916
2310.05920
2310.06123
2310.06214
2310.06234
2310.06629
2310.06773
2310.06838
2310.06992
2310.07056
2310.07473
2310.07699
2310.07704
2310.07707
2310.07889
2310.08303
2310.08530
2310.08541
2310.08584
2310.08586
2310.08669
2310.08696
2310.08820
2310.08825
2310.08854
2310.08949
2310.09199
2310.09291
2310.09478
2310.09503
2310.09562
2310.09761
2310.09821
2310.09909
2310.10123
2310.10125
2310.10375
2310.10513
2310.10533
2310.10591
2310.10625
2310.10640
2310.10647
2310.10651
2310.10700
2310.11441
2310.12100
2310.12128
2310.12296
2310.12344
2310.12371
2310.12464
2310.12755
2310.12851
2310.12904
2310.12931
2310.12945
2310.12956
2310.12970
2310.12971
2310.12973
2310.12982
2310.13026
2310.13292
2310.13355
2310.13473
2310.13479
2310.13593
2310.14108
2310.14154
2310.14176
2310.14374
2310.14566
2310.15144
2310.15160
2310.15161
2310.15166
2310.15308
2310.15324
2310.15747
2310.15948
2310.15955
2310.16045
2310.16226
2310.16305
2310.16318
2310.16367
2310.16383
2310.16387
2310.16402
2310.16436
2310.16640
2310.16667
2310.16764
2310.16781
2310.16836
2310.16898
2310.17050
2310.17109
2310.17189
2310.17290
2310.17395
2310.17418
2310.17419
2310.17530
2310.17874
2310.17914
2310.18049
2310.18652
2310.18709
2310.18773
2310.18804
2310.18954
2310.18969
2310.19001
2310.19060
2310.19512
2310.19516
2310.19554
2310.19694
2310.19731
2310.19752
2310.19773
2310.19859
2310.19909
2310.20695
2310.20704
2311.00047
2311.00180
2311.00206
2311.00397
2311.00571
2311.00926
2311.01034
2311.01197
2311.01233
2311.01310
2311.01361
2311.01373
2311.01378
2311.01441
2311.01459
2311.01520
2311.01989
2311.02536
2311.02684
2311.02692
2311.02873
2311.03035
2311.03079
2311.03149
2311.03352
2311.03354
2311.03355
2311.03356
2311.03570
2311.03774
2311.03799
2311.03912
2311.04157
2311.04219
2311.04257
2311.04287
2311.04391
2311.04496
2311.04498
2311.04894
2311.04901
2311.05332
2311.05348
2311.05437
2311.05613
2311.05707
2311.05770
2311.05779
2311.06231
2311.06495
2311.06783
2311.06786
2311.06791
2311.07022
2311.07547
2311.07562
2311.07574
2311.07575
2311.08043
2311.08046
2311.08172
2311.08223
2311.08400
2311.08835
2311.09612
2311.09817
2311.10081
2311.10089
2311.10111
2311.10122
2311.10707
2311.10709
2311.10813
2311.10873
2311.10982
2311.11666
2311.11860
2311.11865
2311.11904
2311.12015
2311.12028
2311.12193
2311.12320
2311.12391
2311.12793
2311.13110
2311.13435
2311.13549
2311.13596
2311.13601
2311.13602
2311.13627
2311.14064
2311.14282
2311.14405
2311.14552
2311.14580
2311.14665
2311.14671
2311.14906
2311.15010
2311.15080
2311.15157
2311.15383
2311.15475
2311.15537
2311.15619
2311.15707
2311.15769
2311.15776
2311.15851
2311.15879
2311.15977
2311.15991
2311.16038
2311.16081
2311.16101
2311.16103
2311.16241
2311.16494
2311.16511
2311.16922
2311.17005
2311.17041
2311.17043
2311.17048
2311.17049
2311.17058
2311.17091
2311.17092
2311.17095
2311.17267
2311.17365
2311.17404
2311.17435
2311.17618
2311.17626
2311.17707
2311.17891
2311.17893
2311.17902
2311.17911
2311.17944
2311.17945
2311.17952
2311.17975
2311.17982
2311.18237
2311.18296
2311.18482
2311.18537
2311.18651
2311.18765
2311.18773
2311.18775
2311.18799
2311.18825
2311.18836
2312.00096
2312.00115
2312.00412
2312.00438
2312.00589
2312.00598
2312.00690
2312.00700
2312.00732
2312.00777
2312.00784
2312.00785
2312.00860
2312.00863
2312.00869
2312.00878
2312.00937
2312.01026
2312.01531
2312.01564
2312.01597
2312.01623
2312.01629
2312.01697
2312.01771
2312.01897
2312.01985
2312.01987
2312.02051
2312.02087
2312.02103
2312.02116
2312.02139
2312.02142
2312.02147
2312.02153
2312.02188
2312.02191
2312.02219
2312.02226
2312.02228
2312.02249
2312.02252
2312.02310
2312.02420
2312.02433
2312.02843
2312.02878
2312.02896
2312.02918
2312.02949
2312.02966
2312.02980
2312.03015
2312.03026
2312.03558
2312.03585
2312.03596
2312.03628
2312.03700
2312.03701
2312.03818
2312.03849
2312.04016
2312.04089
2312.04131
2312.04265
2312.04302
2312.04539
2312.04552
2312.04554
2312.04566
2312.04567
2312.04817
2312.04837
2312.04885
2312.04931
2312.05251
2312.05284
2312.05730
2312.05745
2312.05760
2312.06065
2312.06109
2312.06117
2312.06253
2312.06323
2312.06408
2312.06462
2312.06505
2312.06553
2312.06598
2312.06630
2312.06647
2312.06660
2312.06662
2312.06703
2312.06709
2312.06720
2312.06736
2312.06742
2312.06950
2312.07136
2312.07165
2312.07266
2312.07322
2312.07395
2312.07488
2312.07532
2312.07533
2312.07661
2312.08007
2312.08010
2312.08168
2312.08212
2312.08344
2312.08366
2312.08367
2312.08371
2312.08372
2312.08514
2312.08578
2312.08733
2312.08774
2312.08846
2312.08870
2312.08874
2312.08916
2312.08963
2312.08985
2312.09059
2312.09109
2312.09128
2312.09158
2312.09237
2312.09245
2312.09251
2312.09579
2312.09612
2312.09627
2312.09812
2312.10032
2312.10035
2312.10103
2312.10163
2312.10376
2312.10671
2312.10763
2312.10813
2312.10945
2312.10959
2312.11112
2312.11376
2312.11451
2312.11463
2312.11557
2312.11562
2312.11595
2312.11805
2312.11894
2312.11897
2312.12198
2312.12359
2312.12423
2312.12425
2312.12433
2312.12436
2312.12437
2312.12659
2312.12661
2312.12742
2312.12754
2312.12828
2312.13008
2312.13286
2312.13305
2312.13789
2312.14055
2312.14074
2312.14135
2312.14149
2312.14150
2312.14206
2312.14233
2312.14238
2312.14492
2312.14494
2312.15004
2312.15011
2312.15162
2312.15670
2312.15681
2312.15715
2312.15720
2312.16002
2312.16012
2312.16084
2312.16221
2312.16222
2312.16580
2312.16602
2312.16763
2312.16797
2312.16862
2312.16886
2312.17071
2312.17090
2312.17117
2312.17118
2312.17133
2312.17172
2312.17174
2312.17232
2312.17243
2312.17247
2312.17432
2312.17448
2312.17686
2312.17742
2401.00663
2401.00789
2401.00849
2401.00897
2401.00901
2401.00912
2401.01505
2401.01529
2401.01578
2401.01808
2401.01823
2401.01952
2401.01970
2401.02309
2401.02317
2401.02330
2401.02347
2401.02361
2401.02384
2401.02402
2401.02416
2401.02418
2401.02611
2401.02614
2401.02931
2401.02955
2401.02957
2401.03142
2401.03149
2401.03253
2401.03468
2401.03473
2401.03497
2401.03540
2401.03844
2401.03870
2401.03901
2401.03989
2401.04105
2401.04468
2401.04651
2401.04716
2401.05577
2401.05906
2401.06071
2401.06129
2401.06209
2401.06341
2401.06395
2401.06397
2401.06426
2401.06960
2401.07314
2401.07457
2401.07529
2401.07641
2401.07669
2401.07745
2401.07770
2401.08045
2401.08052
2401.08166
2401.08276
2401.08342
2401.08392
2401.08541
2401.08559
2401.08570
2401.08577
2401.08740
2401.08887
2401.09047
2401.09340
2401.09413
2401.09414
2401.09417
2401.09419
2401.09442
2401.09732
2401.09865
2401.09883
2401.09985
2401.10005
2401.10061
2401.10166
2401.10208
2401.10220
2401.10222
2401.10226
2401.10227
2401.10228
2401.10229
2401.10529
2401.10588
2401.10815
2401.10822
2401.10831
2401.10891
2401.11605
2401.11649
2401.11654
2401.11673
2401.11718
2401.11739
2401.11791
2401.12168
2401.12217
2401.12425
2401.12471
2401.12600
2401.12743
2401.12835
2401.12850
2401.12902
2401.12945
2401.13051
2401.13307
2401.13601
2401.13837
2401.13937
2401.14159
2401.14391
2401.14404
2401.14405
2401.15071
2401.15847
2401.15900
2401.15914
2401.15947
2401.15969
2401.15993
2401.16160
2401.16305
2401.16420
2401.16822
2401.17186
2401.17221
2401.17270
2401.17343
2401.17857
2401.17862
2401.17868
2401.17981
2401.18084
2402.00033
2402.00253
2402.00357
2402.00534
2402.01105
2402.01188
2402.01832
2402.02103
2402.02235
2402.02242
2402.02340
2402.02352
2402.02382
2402.02555
2402.02887
2402.03161
2402.03241
2402.03310
2402.03327
2402.03561
2402.03631
2402.03746
2402.03766
2402.04009
2402.04087
2402.04129
2402.04236
2402.04252
2402.04563
2402.04615
2402.04630
2402.04632
2402.04648
2402.04788
2402.04841
2402.05008
2402.05195
2402.05472
2402.05861
2402.05889
2402.05917
2402.05935
2402.05937
2402.05964
2402.06118
2402.07270
2402.07384
2402.07410
2402.07865
2402.07872
2402.08268
2402.08657
2402.08680
2402.08960
2402.08994
2402.09353
2402.10002
2402.10099
2402.10534
2402.10698
2402.10739
2402.10896
2402.11248
2402.11411
2402.11435
2402.11690
2402.12079
2402.12138
2402.12185
2402.12226
2402.12259
2402.12289
2402.12336
2402.12376
2402.12451
2402.12750
2402.13088
2402.13217
2402.13232
2402.13250
2402.13490
2402.13546
2402.13578
2402.13929
2402.14123
2402.14215
2402.14289
2402.14304
2402.14407
2402.14456
2402.14789
2402.14797
2402.14812
2402.14818
2402.15021
2402.15116
2402.15321
2402.15504
2402.15823
2402.15933
2402.16013
2402.16050
2402.16315
2402.16338
2402.16641
2402.16806
2402.16846
2402.17139
2402.17172
2402.17177
2402.17406
2402.17726
2402.17766
2402.17891
2402.18115
2402.18137
2402.18467
2402.18490
2402.19014
2402.19082
2402.19161
2402.19298
2402.19325
2402.19326
2402.19422
2402.19469
2402.19474
2402.19479
2402.19481
2403.00231
2403.00436
2403.00476
2403.00504
2403.00522
2403.00592
2403.00729
2403.00762
2403.01422
2403.01439
2403.01487
2403.01560
2403.01818
2403.01849
2403.01915
2403.02249
2403.02288
2403.02308
2403.02325
2403.02330
2403.02753
2403.02781
2403.02991
2403.03003
2403.03037
2403.03170
2403.03346
2403.03715
2403.04194
2403.04200
2403.04258
2403.04279
2403.04303
2403.04321
2403.04634
2403.04690
2403.04692
2403.04732
2403.04735
2403.04765
2403.05105
2403.05121
2403.05124
2403.05131
2403.05239
2403.05261
2403.05433
2403.05525
2403.05530
2403.05535
2403.05854
2403.05966
2403.06070
2403.06093
2403.06225
2403.06351
2403.06403
2403.06467
2403.06764
2403.06845
2403.06946
2403.06952
2403.06977
2403.06978
2403.07304
2403.07392
2403.07487
2403.07508
2403.07630
2403.07636
2403.07692
2403.07700
2403.07711
2403.07750
2403.07839
2403.07874
2403.07944
2403.08295
2403.08506
2403.08568
2403.08632
2403.08682
2403.08755
2403.08801
2403.08848
2403.08919
2403.09307
2403.09333
2403.09338
2403.09346
2403.09394
2403.09506
2403.09508
2403.09611
2403.09616
2403.09620
2403.09626
2403.09630
2403.09631
2403.09634
2403.09766
2403.09805
2403.09977
2403.10052
2403.10191
2403.10254
2403.10516
2403.10517
2403.10854
2403.11074
2403.11184
2403.11299
2403.11401
2403.11423
2403.11463
2403.11481
2403.11530
2403.11549
2403.11641
2403.11703
2403.11755
2403.11835
2403.11999
2403.12026
2403.12027
2403.12042
2403.12202
2403.12455
2403.12532
2403.12736
2403.12801
2403.12895
2403.12959
2403.12960
2403.13042
2403.13043
2403.13347
2403.13600
2403.13802
2403.13804
2403.13808
2403.14141
2403.14148
2403.14270
2403.14430
2403.14442
2403.14468
2403.14513
2403.14520
2403.14548
2403.14552
2403.14598
2403.14599
2403.14608
2403.14610
2403.14622
2403.14624
2403.14625
2403.14743
2403.14760
2403.14870
2403.15132
2403.15317
2403.15360
2403.15377
2403.15378
2403.15388
2403.16131
2403.16558
2403.17334
2403.17409
2403.17589
2403.17695
2403.17749
2403.17830
2403.17839
2403.17934
2403.17935
2403.17937
2403.17998
2403.18036
2403.18080
2403.18118
2403.18252
2403.18271
2403.18293
2403.18361
2403.18383
2403.18708
2403.18814
2403.19046
2403.19407
2403.19588
2403.19596
2403.19638
2403.19949
2403.19963
2403.20031
2403.20126
2403.20271
2403.20317
2403.20320
2403.20330
2403.20331
2404.01409
2404.01415
2404.01476
2404.01491
2404.01591
2404.01725
2404.01819
2404.01925
2404.01933
2404.01943
2404.01945
2404.01990
2404.02072
2404.02117
2404.02132
2404.02145
2404.02154
2404.02157
2404.02257
2404.02585
2404.02755
2404.02900
2404.02905
2404.03214
2404.03384
2404.03398
2404.03413
2404.03477
2404.03645
2404.03650
2404.03657
2404.03658
2404.03663
2404.03831
2404.03836
2404.03924
2404.04072
2404.04231
2404.04256
2404.05206
2404.05225
2404.05559
2404.05621
2404.05657
2404.05687
2404.05719
2404.05726
2404.06075
2404.06244
2404.06265
2404.06507
2404.06510
2404.06511
2404.06512
2404.06542
2404.06773
2404.06918
2404.07155
2404.07204
2404.07214
2404.07449
2404.07603
2404.07610
2404.07713
2404.07794
2404.07973
2404.07977
2404.07984
2404.07989
2404.08197
2404.08255
2404.08471
2404.08506
2404.08531
2404.08636
2404.08958
2404.09216
2404.09516
2404.09632
2404.09933
2404.10193
2404.10241
2404.10864
2404.11207
2404.11732
2404.11865
2404.11957
2404.12352
2404.12386
2404.12387
2404.12389
2404.12390
2404.12652
2404.13013
2404.13044
2404.13648
2404.14396
2404.14412
2404.14471
2404.14565
2404.14657
2404.14687
2404.15653
2404.15655
2404.16006
2404.16030
2404.16033
2404.16035
2404.17176
2404.17184
2404.17498
2404.18448
2404.18459
2404.18532
2404.18861
2404.18930
2404.18961
2404.19326
2404.19531
2404.19696
2404.19752
2405.00236
2405.00256
2405.00587
2405.00740
2405.01413
2405.01468
2405.01533
2405.01926
2405.02246
2405.02266
2405.02287
2405.02771
2405.02797
2405.03144
2405.03150
2405.03162
2405.03190
2405.03520
2405.03685
2405.03689
2405.03690
2405.03770
2405.04164
2405.04312
2405.04390
2405.04404
1211.3711
1408.2873
1412.1602
1412.5567
1505.06427
1507.08240
1511.06841
1602.02410
1606.07136
1609.03193
1609.03499
1609.05935
1609.06773
1610.03022
1610.03035
1610.05361
1612.02695
1612.07837
1701.03360
1702.06378
1702.07793
1702.07825
1703.00096
1703.01541
1703.02136
1703.04783
1703.07090
1703.07754
1703.08002
1703.09452
1704.08504
1705.03670
1705.04400
1705.08947
1705.10874
1706.00612
1706.02737
1706.02776
1706.06428
1706.07859
1707.01670
1707.04585
1707.05589
1707.06065
1707.06588
1710.07654
1711.00520
1711.01161
1711.01567
1711.01694
1711.02207
1711.05747
1711.10433
1712.01769
1712.01807
1712.05884
1801.09866
1802.06006
1802.06552
1803.09017
1803.09047
1803.09153
1805.00579
1806.02169
1806.04558
1807.07281
1808.01410
1809.07454
1809.08895
1810.11846
1810.13024
1811.00002
1811.11307
1812.04342
1901.10430
1904.03479
1904.08452
1904.08779
1905.04874
1905.08459
1905.09263
1905.11142
1905.11563
1905.11796
1906.00672
1906.00733
1906.01083
1906.07307
1906.08333
1907.04448
1907.04462
1907.12279
1909.01700
1909.02480
1910.06711
1910.10288
1910.11480
1910.11905
1910.11915
1910.11933
1910.12592
1911.03912
1912.01219
1912.02522
2002.01953
2002.03785
2002.03788
2002.12794
2003.01950
2004.07370
2004.10102
2004.11012
2004.14617
2005.00341
2005.04132
2005.05957
2005.08100
2005.11129
2005.14327
2006.03575
2006.04558
2006.04664
2007.09131
2008.03009
2008.04574
2009.00713
2009.01776
2009.05485
2009.09761
2010.05646
2010.11428
2010.11439
2010.12468
2010.15508
2011.00782
2011.06465
2012.03500
2102.00247
2102.01760
2102.03207
2102.07786
2102.12664
2103.00993
2103.02858
2103.14031
2103.14152
2103.14574
2103.15060
2104.00120
2104.01409
2104.01541
2104.03521
2104.03838
2104.04668
2104.06074
2104.08189
2104.12870
2105.02358
2105.02446
2105.06337
2105.07583
2105.07926
2105.09856
2105.14849
2106.02297
2106.05630
2106.06103
2106.06406
2106.07886
2106.10831
2106.12896
2106.15205
2106.15561
2107.06263
2107.08361
2107.09142
2107.09477
2107.10394
2107.12292
2108.00084
2108.04051
2108.05895
2108.10447
2108.13320
2109.06733
2109.15166
2110.02360
2110.03347
2110.09121
2110.12612
2110.14422
2111.02674
2111.07218
2112.02418
2112.10358
2112.10950
2201.00269
2201.07429
2201.12755
2202.11169
2203.02395
2203.13086
2203.14416
2204.02524
2204.09079
2204.09224
2204.09911
2204.09934
2204.10020
2204.10749
2206.13404
2207.01832
2207.01886
2207.07268
2207.10436
2209.03143
2210.05979
2210.15533
2210.15975
2211.09407
2211.12171
2301.11325
2301.11757
2301.12503
2302.03917
2305.03204
2306.00625
2306.03509
2307.03917
2307.07218
2308.14103
2309.03199
2312.04324
